WARNING: Using incubator modules: jdk.incubator.vector
Using Spark's default log4j profile: org/apache/spark/log4j2-defaults.properties
26/05/02 20:41:09 WARN Utils: Your hostname, aditya, resolves to a loopback address: 127.0.1.1; using 192.168.0.109 instead (on interface wlp3s0)
26/05/02 20:41:09 WARN Utils: Set SPARK_LOCAL_IP if you need to bind to another address
26/05/02 20:41:09 INFO Worker: Started daemon with process name: 203762@aditya
26/05/02 20:41:09 INFO SignalUtils: Registering signal handler for TERM
26/05/02 20:41:09 INFO SignalUtils: Registering signal handler for HUP
26/05/02 20:41:09 INFO SignalUtils: Registering signal handler for INT
26/05/02 20:41:09 WARN NativeCodeLoader: Unable to load native-hadoop library for your platform... using builtin-java classes where applicable
Using Spark's default log4j profile: org/apache/spark/log4j2-defaults.properties
26/05/02 20:41:09 INFO SecurityManager: Changing view acls to: aditya
26/05/02 20:41:09 INFO SecurityManager: Changing modify acls to: aditya
26/05/02 20:41:09 INFO SecurityManager: Changing view acls groups to: aditya
26/05/02 20:41:09 INFO SecurityManager: Changing modify acls groups to: aditya
26/05/02 20:41:09 INFO SecurityManager: SecurityManager: authentication disabled; ui acls disabled; users with view permissions: aditya groups with view permissions: EMPTY; users with modify permissions: aditya; groups with modify permissions: EMPTY; RPC SSL disabled
26/05/02 20:41:10 INFO Utils: Successfully started service 'sparkWorker' on port 36883.
26/05/02 20:41:10 INFO Worker: Worker decommissioning not enabled.
26/05/02 20:41:10 INFO Worker: Starting Spark worker 192.168.0.109:36883 with 16 cores, 6.2 GiB RAM
26/05/02 20:41:10 INFO Worker: Running Spark version 4.1.1
26/05/02 20:41:10 INFO Worker: Spark home: /home/aditya/Desktop/iitm/assignment8/env/lib/python3.13/site-packages/pyspark
26/05/02 20:41:10 INFO ResourceUtils: ==============================================================
26/05/02 20:41:10 INFO ResourceUtils: No custom resources configured for spark.worker.
26/05/02 20:41:10 INFO ResourceUtils: ==============================================================
26/05/02 20:41:10 INFO JettyUtils: Start Jetty 0.0.0.0:8081 for WorkerUI
26/05/02 20:41:10 INFO Utils: Successfully started service 'WorkerUI' on port 8081.
26/05/02 20:41:10 INFO WorkerWebUI: Bound WorkerWebUI to 0.0.0.0, and started at http://192.168.0.109:8081
26/05/02 20:41:10 INFO Worker: Connecting to master 192.168.0.109:7077...
26/05/02 20:41:11 INFO TransportClientFactory: Successfully created connection to /192.168.0.109:7077 after 57 ms (0 ms spent in bootstraps)
26/05/02 20:41:11 INFO Worker: Successfully registered with master spark://192.168.0.109:7077
26/05/02 20:41:11 INFO Worker: Worker cleanup enabled; old application directories will be deleted in: /home/aditya/Desktop/iitm/assignment8/env/lib/python3.13/site-packages/pyspark/work
26/05/02 20:42:00 INFO Worker: Asked to launch executor app-20260502204200-0001/0 for NYC_Taxi_Cleaning
26/05/02 20:42:00 INFO SecurityManager: Changing view acls to: aditya
26/05/02 20:42:00 INFO SecurityManager: Changing modify acls to: aditya
26/05/02 20:42:00 INFO SecurityManager: Changing view acls groups to: aditya
26/05/02 20:42:00 INFO SecurityManager: Changing modify acls groups to: aditya
26/05/02 20:42:00 INFO SecurityManager: SecurityManager: authentication disabled; ui acls disabled; users with view permissions: aditya groups with view permissions: EMPTY; users with modify permissions: aditya; groups with modify permissions: EMPTY; RPC SSL disabled
26/05/02 20:42:00 INFO ExecutorRunner: Launch command: "/usr/lib/jvm/java-17-openjdk-amd64/bin/java" "-cp" "/home/aditya/Desktop/iitm/assignment8/env/lib/python3.13/site-packages/pyspark/conf:/home/aditya/Desktop/iitm/assignment8/env/lib/python3.13/site-packages/pyspark/jars/slf4j-api-2.0.17.jar:/home/aditya/Desktop/iitm/assignment8/env/lib/python3.13/site-packages/pyspark/jars/*" "-Xmx4096M" "-Dspark.driver.port=36499" "-Dspark.network.timeout=800s" "-Djava.net.preferIPv6Addresses=false" "-XX:+IgnoreUnrecognizedVMOptions" "--add-modules=jdk.incubator.vector" "--add-opens=java.base/java.lang=ALL-UNNAMED" "--add-opens=java.base/java.lang.invoke=ALL-UNNAMED" "--add-opens=java.base/java.lang.reflect=ALL-UNNAMED" "--add-opens=java.base/java.io=ALL-UNNAMED" "--add-opens=java.base/java.net=ALL-UNNAMED" "--add-opens=java.base/java.nio=ALL-UNNAMED" "--add-opens=java.base/java.util=ALL-UNNAMED" "--add-opens=java.base/java.util.concurrent=ALL-UNNAMED" "--add-opens=java.base/java.util.concurrent.atomic=ALL-UNNAMED" "--add-opens=java.base/jdk.internal.ref=ALL-UNNAMED" "--add-opens=java.base/sun.nio.ch=ALL-UNNAMED" "--add-opens=java.base/sun.nio.cs=ALL-UNNAMED" "--add-opens=java.base/sun.security.action=ALL-UNNAMED" "--add-opens=java.base/sun.util.calendar=ALL-UNNAMED" "--add-opens=java.security.jgss/sun.security.krb5=ALL-UNNAMED" "-Djdk.reflect.useDirectMethodHandle=false" "-Dio.netty.tryReflectionSetAccessible=true" "-Dio.netty.allocator.type=pooled" "-Dio.netty.handler.ssl.defaultEndpointVerificationAlgorithm=NONE" "--enable-native-access=ALL-UNNAMED" "org.apache.spark.executor.CoarseGrainedExecutorBackend" "--driver-url" "spark://CoarseGrainedScheduler@192.168.0.109:36499" "--executor-id" "0" "--hostname" "192.168.0.109" "--cores" "16" "--app-id" "app-20260502204200-0001" "--worker-url" "spark://Worker@192.168.0.109:36883" "--resourceProfileId" "0"
26/05/02 20:47:14 INFO Worker: Asked to kill executor app-20260502204200-0001/0
26/05/02 20:47:14 INFO ExecutorRunner: Runner thread for executor app-20260502204200-0001/0 interrupted
26/05/02 20:47:14 INFO ExecutorRunner: Killing process!
26/05/02 20:47:15 INFO Worker: Executor app-20260502204200-0001/0 finished with state KILLED message Runner thread for executor app-20260502204200-0001/0 interrupted exitStatus 0
26/05/02 20:47:15 INFO ExternalShuffleBlockResolver: Clean up non-shuffle and non-RDD files associated with the finished executor 0
26/05/02 20:47:15 INFO ExternalShuffleBlockResolver: Executor is not registered (appId=app-20260502204200-0001, execId=0)
26/05/02 20:47:15 INFO ExternalShuffleBlockResolver: Application app-20260502204200-0001 removed, cleanupLocalDirs = true
26/05/02 20:47:15 INFO Worker: Cleaning up local directories for application app-20260502204200-0001
26/05/02 20:48:06 INFO Worker: 192.168.0.109:7077 Disassociated !
26/05/02 20:48:06 ERROR Worker: Connection to master failed! Waiting for master to reconnect...
26/05/02 20:48:06 INFO Worker: 192.168.0.109:7077 Disassociated !
26/05/02 20:48:06 INFO Worker: Connecting to master 192.168.0.109:7077...
26/05/02 20:48:06 ERROR Worker: Connection to master failed! Waiting for master to reconnect...
26/05/02 20:48:06 INFO Worker: Not spawning another attempt to register with the master, since there is an attempt scheduled already.
26/05/02 20:48:06 INFO TransportClientFactory: Found inactive connection to /192.168.0.109:7077, creating a new one.
26/05/02 20:48:06 WARN Worker: Failed to connect to master 192.168.0.109:7077
org.apache.spark.SparkException: Exception thrown in awaitResult: 
	at org.apache.spark.util.SparkThreadUtils$.awaitResult(SparkThreadUtils.scala:53)
	at org.apache.spark.util.ThreadUtils$.awaitResult(ThreadUtils.scala:359)
	at org.apache.spark.rpc.RpcTimeout.awaitResult(RpcTimeout.scala:75)
	at org.apache.spark.rpc.RpcEnv.setupEndpointRefByURI(RpcEnv.scala:102)
	at org.apache.spark.rpc.RpcEnv.setupEndpointRef(RpcEnv.scala:110)
	at org.apache.spark.deploy.worker.Worker$$anon$1.run(Worker.scala:329)
	at java.base/java.util.concurrent.Executors$RunnableAdapter.call(Executors.java:539)
	at java.base/java.util.concurrent.FutureTask.run(FutureTask.java:264)
	at java.base/java.util.concurrent.ThreadPoolExecutor.runWorker(ThreadPoolExecutor.java:1136)
	at java.base/java.util.concurrent.ThreadPoolExecutor$Worker.run(ThreadPoolExecutor.java:635)
	at java.base/java.lang.Thread.run(Thread.java:840)
Caused by: java.io.IOException: Failed to connect to /192.168.0.109:7077
	at org.apache.spark.network.client.TransportClientFactory.createClient(TransportClientFactory.java:304)
	at org.apache.spark.network.client.TransportClientFactory.createClient(TransportClientFactory.java:224)
	at org.apache.spark.network.client.TransportClientFactory.createClient(TransportClientFactory.java:236)
	at org.apache.spark.rpc.netty.NettyRpcEnv.createClient(NettyRpcEnv.scala:207)
	at org.apache.spark.rpc.netty.Outbox$$anon$1.call(Outbox.scala:202)
	at org.apache.spark.rpc.netty.Outbox$$anon$1.call(Outbox.scala:198)
	... 4 more
Caused by: io.netty.channel.AbstractChannel$AnnotatedConnectException: finishConnect(..) failed with error(-111): Connection refused: /192.168.0.109:7077
Caused by: java.net.ConnectException: finishConnect(..) failed with error(-111): Connection refused
	at io.netty.channel.unix.Errors.newConnectException0(Errors.java:166)
	at io.netty.channel.unix.Errors.handleConnectErrno(Errors.java:131)
	at io.netty.channel.unix.Socket.finishConnect(Socket.java:361)
	at io.netty.channel.epoll.AbstractEpollChannel$AbstractEpollUnsafe.doFinishConnect(AbstractEpollChannel.java:764)
	at io.netty.channel.epoll.AbstractEpollChannel$AbstractEpollUnsafe.finishConnect(AbstractEpollChannel.java:741)
	at io.netty.channel.epoll.AbstractEpollChannel$AbstractEpollUnsafe.epollOutReady(AbstractEpollChannel.java:611)
	at io.netty.channel.epoll.AbstractEpollChannel$AbstractEpollUnsafe.handle(AbstractEpollChannel.java:472)
	at io.netty.channel.epoll.EpollIoHandler$DefaultEpollIoRegistration.handle(EpollIoHandler.java:317)
	at io.netty.channel.epoll.EpollIoHandler.processReady(EpollIoHandler.java:515)
	at io.netty.channel.epoll.EpollIoHandler.run(EpollIoHandler.java:460)
	at io.netty.channel.SingleThreadIoEventLoop.runIo(SingleThreadIoEventLoop.java:225)
	at io.netty.channel.SingleThreadIoEventLoop.run(SingleThreadIoEventLoop.java:196)
	at io.netty.util.concurrent.SingleThreadEventExecutor$5.run(SingleThreadEventExecutor.java:1193)
	at io.netty.util.internal.ThreadExecutorMap$2.run(ThreadExecutorMap.java:74)
	at io.netty.util.concurrent.FastThreadLocalRunnable.run(FastThreadLocalRunnable.java:30)
	at java.base/java.lang.Thread.run(Thread.java:840)
26/05/02 20:48:18 INFO Worker: Retrying connection to master (attempt # 1)
26/05/02 20:48:18 INFO Worker: Connecting to master 192.168.0.109:7077...
26/05/02 20:48:18 INFO TransportClientFactory: Found inactive connection to /192.168.0.109:7077, creating a new one.
26/05/02 20:48:18 WARN Worker: Failed to connect to master 192.168.0.109:7077
org.apache.spark.SparkException: Exception thrown in awaitResult: 
	at org.apache.spark.util.SparkThreadUtils$.awaitResult(SparkThreadUtils.scala:53)
	at org.apache.spark.util.ThreadUtils$.awaitResult(ThreadUtils.scala:359)
	at org.apache.spark.rpc.RpcTimeout.awaitResult(RpcTimeout.scala:75)
	at org.apache.spark.rpc.RpcEnv.setupEndpointRefByURI(RpcEnv.scala:102)
	at org.apache.spark.rpc.RpcEnv.setupEndpointRef(RpcEnv.scala:110)
	at org.apache.spark.deploy.worker.Worker$$anon$2.run(Worker.scala:388)
	at java.base/java.util.concurrent.Executors$RunnableAdapter.call(Executors.java:539)
	at java.base/java.util.concurrent.FutureTask.run(FutureTask.java:264)
	at java.base/java.util.concurrent.ThreadPoolExecutor.runWorker(ThreadPoolExecutor.java:1136)
	at java.base/java.util.concurrent.ThreadPoolExecutor$Worker.run(ThreadPoolExecutor.java:635)
	at java.base/java.lang.Thread.run(Thread.java:840)
Caused by: java.io.IOException: Failed to connect to /192.168.0.109:7077
	at org.apache.spark.network.client.TransportClientFactory.createClient(TransportClientFactory.java:304)
	at org.apache.spark.network.client.TransportClientFactory.createClient(TransportClientFactory.java:224)
	at org.apache.spark.network.client.TransportClientFactory.createClient(TransportClientFactory.java:236)
	at org.apache.spark.rpc.netty.NettyRpcEnv.createClient(NettyRpcEnv.scala:207)
	at org.apache.spark.rpc.netty.Outbox$$anon$1.call(Outbox.scala:202)
	at org.apache.spark.rpc.netty.Outbox$$anon$1.call(Outbox.scala:198)
	... 4 more
Caused by: io.netty.channel.AbstractChannel$AnnotatedConnectException: finishConnect(..) failed with error(-111): Connection refused: /192.168.0.109:7077
Caused by: java.net.ConnectException: finishConnect(..) failed with error(-111): Connection refused
	at io.netty.channel.unix.Errors.newConnectException0(Errors.java:166)
	at io.netty.channel.unix.Errors.handleConnectErrno(Errors.java:131)
	at io.netty.channel.unix.Socket.finishConnect(Socket.java:361)
	at io.netty.channel.epoll.AbstractEpollChannel$AbstractEpollUnsafe.doFinishConnect(AbstractEpollChannel.java:764)
	at io.netty.channel.epoll.AbstractEpollChannel$AbstractEpollUnsafe.finishConnect(AbstractEpollChannel.java:741)
	at io.netty.channel.epoll.AbstractEpollChannel$AbstractEpollUnsafe.epollOutReady(AbstractEpollChannel.java:611)
	at io.netty.channel.epoll.AbstractEpollChannel$AbstractEpollUnsafe.handle(AbstractEpollChannel.java:472)
	at io.netty.channel.epoll.EpollIoHandler$DefaultEpollIoRegistration.handle(EpollIoHandler.java:317)
	at io.netty.channel.epoll.EpollIoHandler.processReady(EpollIoHandler.java:515)
	at io.netty.channel.epoll.EpollIoHandler.run(EpollIoHandler.java:460)
	at io.netty.channel.SingleThreadIoEventLoop.runIo(SingleThreadIoEventLoop.java:225)
	at io.netty.channel.SingleThreadIoEventLoop.run(SingleThreadIoEventLoop.java:196)
	at io.netty.util.concurrent.SingleThreadEventExecutor$5.run(SingleThreadEventExecutor.java:1193)
	at io.netty.util.internal.ThreadExecutorMap$2.run(ThreadExecutorMap.java:74)
	at io.netty.util.concurrent.FastThreadLocalRunnable.run(FastThreadLocalRunnable.java:30)
	at java.base/java.lang.Thread.run(Thread.java:840)
26/05/02 20:48:30 INFO Worker: Retrying connection to master (attempt # 2)
26/05/02 20:48:30 INFO Worker: Connecting to master 192.168.0.109:7077...
26/05/02 20:48:30 INFO TransportClientFactory: Found inactive connection to /192.168.0.109:7077, creating a new one.
26/05/02 20:48:30 WARN Worker: Failed to connect to master 192.168.0.109:7077
org.apache.spark.SparkException: Exception thrown in awaitResult: 
	at org.apache.spark.util.SparkThreadUtils$.awaitResult(SparkThreadUtils.scala:53)
	at org.apache.spark.util.ThreadUtils$.awaitResult(ThreadUtils.scala:359)
	at org.apache.spark.rpc.RpcTimeout.awaitResult(RpcTimeout.scala:75)
	at org.apache.spark.rpc.RpcEnv.setupEndpointRefByURI(RpcEnv.scala:102)
	at org.apache.spark.rpc.RpcEnv.setupEndpointRef(RpcEnv.scala:110)
	at org.apache.spark.deploy.worker.Worker$$anon$2.run(Worker.scala:388)
	at java.base/java.util.concurrent.Executors$RunnableAdapter.call(Executors.java:539)
	at java.base/java.util.concurrent.FutureTask.run(FutureTask.java:264)
	at java.base/java.util.concurrent.ThreadPoolExecutor.runWorker(ThreadPoolExecutor.java:1136)
	at java.base/java.util.concurrent.ThreadPoolExecutor$Worker.run(ThreadPoolExecutor.java:635)
	at java.base/java.lang.Thread.run(Thread.java:840)
Caused by: java.io.IOException: Failed to connect to /192.168.0.109:7077
	at org.apache.spark.network.client.TransportClientFactory.createClient(TransportClientFactory.java:304)
	at org.apache.spark.network.client.TransportClientFactory.createClient(TransportClientFactory.java:224)
	at org.apache.spark.network.client.TransportClientFactory.createClient(TransportClientFactory.java:236)
	at org.apache.spark.rpc.netty.NettyRpcEnv.createClient(NettyRpcEnv.scala:207)
	at org.apache.spark.rpc.netty.Outbox$$anon$1.call(Outbox.scala:202)
	at org.apache.spark.rpc.netty.Outbox$$anon$1.call(Outbox.scala:198)
	... 4 more
Caused by: io.netty.channel.AbstractChannel$AnnotatedConnectException: finishConnect(..) failed with error(-111): Connection refused: /192.168.0.109:7077
Caused by: java.net.ConnectException: finishConnect(..) failed with error(-111): Connection refused
	at io.netty.channel.unix.Errors.newConnectException0(Errors.java:166)
	at io.netty.channel.unix.Errors.handleConnectErrno(Errors.java:131)
	at io.netty.channel.unix.Socket.finishConnect(Socket.java:361)
	at io.netty.channel.epoll.AbstractEpollChannel$AbstractEpollUnsafe.doFinishConnect(AbstractEpollChannel.java:764)
	at io.netty.channel.epoll.AbstractEpollChannel$AbstractEpollUnsafe.finishConnect(AbstractEpollChannel.java:741)
	at io.netty.channel.epoll.AbstractEpollChannel$AbstractEpollUnsafe.epollOutReady(AbstractEpollChannel.java:611)
	at io.netty.channel.epoll.AbstractEpollChannel$AbstractEpollUnsafe.handle(AbstractEpollChannel.java:472)
	at io.netty.channel.epoll.EpollIoHandler$DefaultEpollIoRegistration.handle(EpollIoHandler.java:317)
	at io.netty.channel.epoll.EpollIoHandler.processReady(EpollIoHandler.java:515)
	at io.netty.channel.epoll.EpollIoHandler.run(EpollIoHandler.java:460)
	at io.netty.channel.SingleThreadIoEventLoop.runIo(SingleThreadIoEventLoop.java:225)
	at io.netty.channel.SingleThreadIoEventLoop.run(SingleThreadIoEventLoop.java:196)
	at io.netty.util.concurrent.SingleThreadEventExecutor$5.run(SingleThreadEventExecutor.java:1193)
	at io.netty.util.internal.ThreadExecutorMap$2.run(ThreadExecutorMap.java:74)
	at io.netty.util.concurrent.FastThreadLocalRunnable.run(FastThreadLocalRunnable.java:30)
	at java.base/java.lang.Thread.run(Thread.java:840)
26/05/02 20:48:42 INFO Worker: Retrying connection to master (attempt # 3)
26/05/02 20:48:42 INFO Worker: Connecting to master 192.168.0.109:7077...
26/05/02 20:48:42 INFO TransportClientFactory: Found inactive connection to /192.168.0.109:7077, creating a new one.
26/05/02 20:48:42 WARN Worker: Failed to connect to master 192.168.0.109:7077
org.apache.spark.SparkException: Exception thrown in awaitResult: 
	at org.apache.spark.util.SparkThreadUtils$.awaitResult(SparkThreadUtils.scala:53)
	at org.apache.spark.util.ThreadUtils$.awaitResult(ThreadUtils.scala:359)
	at org.apache.spark.rpc.RpcTimeout.awaitResult(RpcTimeout.scala:75)
	at org.apache.spark.rpc.RpcEnv.setupEndpointRefByURI(RpcEnv.scala:102)
	at org.apache.spark.rpc.RpcEnv.setupEndpointRef(RpcEnv.scala:110)
	at org.apache.spark.deploy.worker.Worker$$anon$2.run(Worker.scala:388)
	at java.base/java.util.concurrent.Executors$RunnableAdapter.call(Executors.java:539)
	at java.base/java.util.concurrent.FutureTask.run(FutureTask.java:264)
	at java.base/java.util.concurrent.ThreadPoolExecutor.runWorker(ThreadPoolExecutor.java:1136)
	at java.base/java.util.concurrent.ThreadPoolExecutor$Worker.run(ThreadPoolExecutor.java:635)
	at java.base/java.lang.Thread.run(Thread.java:840)
Caused by: java.io.IOException: Failed to connect to /192.168.0.109:7077
	at org.apache.spark.network.client.TransportClientFactory.createClient(TransportClientFactory.java:304)
	at org.apache.spark.network.client.TransportClientFactory.createClient(TransportClientFactory.java:224)
	at org.apache.spark.network.client.TransportClientFactory.createClient(TransportClientFactory.java:236)
	at org.apache.spark.rpc.netty.NettyRpcEnv.createClient(NettyRpcEnv.scala:207)
	at org.apache.spark.rpc.netty.Outbox$$anon$1.call(Outbox.scala:202)
	at org.apache.spark.rpc.netty.Outbox$$anon$1.call(Outbox.scala:198)
	... 4 more
Caused by: io.netty.channel.AbstractChannel$AnnotatedConnectException: finishConnect(..) failed with error(-111): Connection refused: /192.168.0.109:7077
Caused by: java.net.ConnectException: finishConnect(..) failed with error(-111): Connection refused
	at io.netty.channel.unix.Errors.newConnectException0(Errors.java:166)
	at io.netty.channel.unix.Errors.handleConnectErrno(Errors.java:131)
	at io.netty.channel.unix.Socket.finishConnect(Socket.java:361)
	at io.netty.channel.epoll.AbstractEpollChannel$AbstractEpollUnsafe.doFinishConnect(AbstractEpollChannel.java:764)
	at io.netty.channel.epoll.AbstractEpollChannel$AbstractEpollUnsafe.finishConnect(AbstractEpollChannel.java:741)
	at io.netty.channel.epoll.AbstractEpollChannel$AbstractEpollUnsafe.epollOutReady(AbstractEpollChannel.java:611)
	at io.netty.channel.epoll.AbstractEpollChannel$AbstractEpollUnsafe.handle(AbstractEpollChannel.java:472)
	at io.netty.channel.epoll.EpollIoHandler$DefaultEpollIoRegistration.handle(EpollIoHandler.java:317)
	at io.netty.channel.epoll.EpollIoHandler.processReady(EpollIoHandler.java:515)
	at io.netty.channel.epoll.EpollIoHandler.run(EpollIoHandler.java:460)
	at io.netty.channel.SingleThreadIoEventLoop.runIo(SingleThreadIoEventLoop.java:225)
	at io.netty.channel.SingleThreadIoEventLoop.run(SingleThreadIoEventLoop.java:196)
	at io.netty.util.concurrent.SingleThreadEventExecutor$5.run(SingleThreadEventExecutor.java:1193)
	at io.netty.util.internal.ThreadExecutorMap$2.run(ThreadExecutorMap.java:74)
	at io.netty.util.concurrent.FastThreadLocalRunnable.run(FastThreadLocalRunnable.java:30)
	at java.base/java.lang.Thread.run(Thread.java:840)
26/05/02 20:48:54 INFO Worker: Retrying connection to master (attempt # 4)
26/05/02 20:48:54 INFO Worker: Connecting to master 192.168.0.109:7077...
26/05/02 20:48:54 INFO TransportClientFactory: Found inactive connection to /192.168.0.109:7077, creating a new one.
26/05/02 20:48:54 WARN Worker: Failed to connect to master 192.168.0.109:7077
org.apache.spark.SparkException: Exception thrown in awaitResult: 
	at org.apache.spark.util.SparkThreadUtils$.awaitResult(SparkThreadUtils.scala:53)
	at org.apache.spark.util.ThreadUtils$.awaitResult(ThreadUtils.scala:359)
	at org.apache.spark.rpc.RpcTimeout.awaitResult(RpcTimeout.scala:75)
	at org.apache.spark.rpc.RpcEnv.setupEndpointRefByURI(RpcEnv.scala:102)
	at org.apache.spark.rpc.RpcEnv.setupEndpointRef(RpcEnv.scala:110)
	at org.apache.spark.deploy.worker.Worker$$anon$2.run(Worker.scala:388)
	at java.base/java.util.concurrent.Executors$RunnableAdapter.call(Executors.java:539)
	at java.base/java.util.concurrent.FutureTask.run(FutureTask.java:264)
	at java.base/java.util.concurrent.ThreadPoolExecutor.runWorker(ThreadPoolExecutor.java:1136)
	at java.base/java.util.concurrent.ThreadPoolExecutor$Worker.run(ThreadPoolExecutor.java:635)
	at java.base/java.lang.Thread.run(Thread.java:840)
Caused by: java.io.IOException: Failed to connect to /192.168.0.109:7077
	at org.apache.spark.network.client.TransportClientFactory.createClient(TransportClientFactory.java:304)
	at org.apache.spark.network.client.TransportClientFactory.createClient(TransportClientFactory.java:224)
	at org.apache.spark.network.client.TransportClientFactory.createClient(TransportClientFactory.java:236)
	at org.apache.spark.rpc.netty.NettyRpcEnv.createClient(NettyRpcEnv.scala:207)
	at org.apache.spark.rpc.netty.Outbox$$anon$1.call(Outbox.scala:202)
	at org.apache.spark.rpc.netty.Outbox$$anon$1.call(Outbox.scala:198)
	... 4 more
Caused by: io.netty.channel.AbstractChannel$AnnotatedConnectException: finishConnect(..) failed with error(-111): Connection refused: /192.168.0.109:7077
Caused by: java.net.ConnectException: finishConnect(..) failed with error(-111): Connection refused
	at io.netty.channel.unix.Errors.newConnectException0(Errors.java:166)
	at io.netty.channel.unix.Errors.handleConnectErrno(Errors.java:131)
	at io.netty.channel.unix.Socket.finishConnect(Socket.java:361)
	at io.netty.channel.epoll.AbstractEpollChannel$AbstractEpollUnsafe.doFinishConnect(AbstractEpollChannel.java:764)
	at io.netty.channel.epoll.AbstractEpollChannel$AbstractEpollUnsafe.finishConnect(AbstractEpollChannel.java:741)
	at io.netty.channel.epoll.AbstractEpollChannel$AbstractEpollUnsafe.epollOutReady(AbstractEpollChannel.java:611)
	at io.netty.channel.epoll.AbstractEpollChannel$AbstractEpollUnsafe.handle(AbstractEpollChannel.java:472)
	at io.netty.channel.epoll.EpollIoHandler$DefaultEpollIoRegistration.handle(EpollIoHandler.java:317)
	at io.netty.channel.epoll.EpollIoHandler.processReady(EpollIoHandler.java:515)
	at io.netty.channel.epoll.EpollIoHandler.run(EpollIoHandler.java:460)
	at io.netty.channel.SingleThreadIoEventLoop.runIo(SingleThreadIoEventLoop.java:225)
	at io.netty.channel.SingleThreadIoEventLoop.run(SingleThreadIoEventLoop.java:196)
	at io.netty.util.concurrent.SingleThreadEventExecutor$5.run(SingleThreadEventExecutor.java:1193)
	at io.netty.util.internal.ThreadExecutorMap$2.run(ThreadExecutorMap.java:74)
	at io.netty.util.concurrent.FastThreadLocalRunnable.run(FastThreadLocalRunnable.java:30)
	at java.base/java.lang.Thread.run(Thread.java:840)
26/05/02 20:49:06 INFO Worker: Retrying connection to master (attempt # 5)
26/05/02 20:49:06 INFO Worker: Connecting to master 192.168.0.109:7077...
26/05/02 20:49:06 INFO TransportClientFactory: Found inactive connection to /192.168.0.109:7077, creating a new one.
26/05/02 20:49:06 WARN Worker: Failed to connect to master 192.168.0.109:7077
org.apache.spark.SparkException: Exception thrown in awaitResult: 
	at org.apache.spark.util.SparkThreadUtils$.awaitResult(SparkThreadUtils.scala:53)
	at org.apache.spark.util.ThreadUtils$.awaitResult(ThreadUtils.scala:359)
	at org.apache.spark.rpc.RpcTimeout.awaitResult(RpcTimeout.scala:75)
	at org.apache.spark.rpc.RpcEnv.setupEndpointRefByURI(RpcEnv.scala:102)
	at org.apache.spark.rpc.RpcEnv.setupEndpointRef(RpcEnv.scala:110)
	at org.apache.spark.deploy.worker.Worker$$anon$2.run(Worker.scala:388)
	at java.base/java.util.concurrent.Executors$RunnableAdapter.call(Executors.java:539)
	at java.base/java.util.concurrent.FutureTask.run(FutureTask.java:264)
	at java.base/java.util.concurrent.ThreadPoolExecutor.runWorker(ThreadPoolExecutor.java:1136)
	at java.base/java.util.concurrent.ThreadPoolExecutor$Worker.run(ThreadPoolExecutor.java:635)
	at java.base/java.lang.Thread.run(Thread.java:840)
Caused by: java.io.IOException: Failed to connect to /192.168.0.109:7077
	at org.apache.spark.network.client.TransportClientFactory.createClient(TransportClientFactory.java:304)
	at org.apache.spark.network.client.TransportClientFactory.createClient(TransportClientFactory.java:224)
	at org.apache.spark.network.client.TransportClientFactory.createClient(TransportClientFactory.java:236)
	at org.apache.spark.rpc.netty.NettyRpcEnv.createClient(NettyRpcEnv.scala:207)
	at org.apache.spark.rpc.netty.Outbox$$anon$1.call(Outbox.scala:202)
	at org.apache.spark.rpc.netty.Outbox$$anon$1.call(Outbox.scala:198)
	... 4 more
Caused by: io.netty.channel.AbstractChannel$AnnotatedConnectException: finishConnect(..) failed with error(-111): Connection refused: /192.168.0.109:7077
Caused by: java.net.ConnectException: finishConnect(..) failed with error(-111): Connection refused
	at io.netty.channel.unix.Errors.newConnectException0(Errors.java:166)
	at io.netty.channel.unix.Errors.handleConnectErrno(Errors.java:131)
	at io.netty.channel.unix.Socket.finishConnect(Socket.java:361)
	at io.netty.channel.epoll.AbstractEpollChannel$AbstractEpollUnsafe.doFinishConnect(AbstractEpollChannel.java:764)
	at io.netty.channel.epoll.AbstractEpollChannel$AbstractEpollUnsafe.finishConnect(AbstractEpollChannel.java:741)
	at io.netty.channel.epoll.AbstractEpollChannel$AbstractEpollUnsafe.epollOutReady(AbstractEpollChannel.java:611)
	at io.netty.channel.epoll.AbstractEpollChannel$AbstractEpollUnsafe.handle(AbstractEpollChannel.java:472)
	at io.netty.channel.epoll.EpollIoHandler$DefaultEpollIoRegistration.handle(EpollIoHandler.java:317)
	at io.netty.channel.epoll.EpollIoHandler.processReady(EpollIoHandler.java:515)
	at io.netty.channel.epoll.EpollIoHandler.run(EpollIoHandler.java:460)
	at io.netty.channel.SingleThreadIoEventLoop.runIo(SingleThreadIoEventLoop.java:225)
	at io.netty.channel.SingleThreadIoEventLoop.run(SingleThreadIoEventLoop.java:196)
	at io.netty.util.concurrent.SingleThreadEventExecutor$5.run(SingleThreadEventExecutor.java:1193)
	at io.netty.util.internal.ThreadExecutorMap$2.run(ThreadExecutorMap.java:74)
	at io.netty.util.concurrent.FastThreadLocalRunnable.run(FastThreadLocalRunnable.java:30)
	at java.base/java.lang.Thread.run(Thread.java:840)
26/05/02 20:49:18 INFO Worker: Retrying connection to master (attempt # 6)
26/05/02 20:49:18 INFO Worker: Connecting to master 192.168.0.109:7077...
26/05/02 20:49:18 INFO TransportClientFactory: Found inactive connection to /192.168.0.109:7077, creating a new one.
26/05/02 20:49:18 WARN Worker: Failed to connect to master 192.168.0.109:7077
org.apache.spark.SparkException: Exception thrown in awaitResult: 
	at org.apache.spark.util.SparkThreadUtils$.awaitResult(SparkThreadUtils.scala:53)
	at org.apache.spark.util.ThreadUtils$.awaitResult(ThreadUtils.scala:359)
	at org.apache.spark.rpc.RpcTimeout.awaitResult(RpcTimeout.scala:75)
	at org.apache.spark.rpc.RpcEnv.setupEndpointRefByURI(RpcEnv.scala:102)
	at org.apache.spark.rpc.RpcEnv.setupEndpointRef(RpcEnv.scala:110)
	at org.apache.spark.deploy.worker.Worker$$anon$2.run(Worker.scala:388)
	at java.base/java.util.concurrent.Executors$RunnableAdapter.call(Executors.java:539)
	at java.base/java.util.concurrent.FutureTask.run(FutureTask.java:264)
	at java.base/java.util.concurrent.ThreadPoolExecutor.runWorker(ThreadPoolExecutor.java:1136)
	at java.base/java.util.concurrent.ThreadPoolExecutor$Worker.run(ThreadPoolExecutor.java:635)
	at java.base/java.lang.Thread.run(Thread.java:840)
Caused by: java.io.IOException: Failed to connect to /192.168.0.109:7077
	at org.apache.spark.network.client.TransportClientFactory.createClient(TransportClientFactory.java:304)
	at org.apache.spark.network.client.TransportClientFactory.createClient(TransportClientFactory.java:224)
	at org.apache.spark.network.client.TransportClientFactory.createClient(TransportClientFactory.java:236)
	at org.apache.spark.rpc.netty.NettyRpcEnv.createClient(NettyRpcEnv.scala:207)
	at org.apache.spark.rpc.netty.Outbox$$anon$1.call(Outbox.scala:202)
	at org.apache.spark.rpc.netty.Outbox$$anon$1.call(Outbox.scala:198)
	... 4 more
Caused by: io.netty.channel.AbstractChannel$AnnotatedConnectException: finishConnect(..) failed with error(-111): Connection refused: /192.168.0.109:7077
Caused by: java.net.ConnectException: finishConnect(..) failed with error(-111): Connection refused
	at io.netty.channel.unix.Errors.newConnectException0(Errors.java:166)
	at io.netty.channel.unix.Errors.handleConnectErrno(Errors.java:131)
	at io.netty.channel.unix.Socket.finishConnect(Socket.java:361)
	at io.netty.channel.epoll.AbstractEpollChannel$AbstractEpollUnsafe.doFinishConnect(AbstractEpollChannel.java:764)
	at io.netty.channel.epoll.AbstractEpollChannel$AbstractEpollUnsafe.finishConnect(AbstractEpollChannel.java:741)
	at io.netty.channel.epoll.AbstractEpollChannel$AbstractEpollUnsafe.epollOutReady(AbstractEpollChannel.java:611)
	at io.netty.channel.epoll.AbstractEpollChannel$AbstractEpollUnsafe.handle(AbstractEpollChannel.java:472)
	at io.netty.channel.epoll.EpollIoHandler$DefaultEpollIoRegistration.handle(EpollIoHandler.java:317)
	at io.netty.channel.epoll.EpollIoHandler.processReady(EpollIoHandler.java:515)
	at io.netty.channel.epoll.EpollIoHandler.run(EpollIoHandler.java:460)
	at io.netty.channel.SingleThreadIoEventLoop.runIo(SingleThreadIoEventLoop.java:225)
	at io.netty.channel.SingleThreadIoEventLoop.run(SingleThreadIoEventLoop.java:196)
	at io.netty.util.concurrent.SingleThreadEventExecutor$5.run(SingleThreadEventExecutor.java:1193)
	at io.netty.util.internal.ThreadExecutorMap$2.run(ThreadExecutorMap.java:74)
	at io.netty.util.concurrent.FastThreadLocalRunnable.run(FastThreadLocalRunnable.java:30)
	at java.base/java.lang.Thread.run(Thread.java:840)
26/05/02 20:56:34 INFO Worker: Retrying connection to master (attempt # 7)
26/05/02 20:56:34 INFO Worker: Connecting to master 192.168.0.109:7077...
26/05/02 20:56:34 INFO TransportClientFactory: Found inactive connection to /192.168.0.109:7077, creating a new one.
26/05/02 20:56:34 WARN Worker: Failed to connect to master 192.168.0.109:7077
org.apache.spark.SparkException: Exception thrown in awaitResult: 
	at org.apache.spark.util.SparkThreadUtils$.awaitResult(SparkThreadUtils.scala:53)
	at org.apache.spark.util.ThreadUtils$.awaitResult(ThreadUtils.scala:359)
	at org.apache.spark.rpc.RpcTimeout.awaitResult(RpcTimeout.scala:75)
	at org.apache.spark.rpc.RpcEnv.setupEndpointRefByURI(RpcEnv.scala:102)
	at org.apache.spark.rpc.RpcEnv.setupEndpointRef(RpcEnv.scala:110)
	at org.apache.spark.deploy.worker.Worker$$anon$2.run(Worker.scala:388)
	at java.base/java.util.concurrent.Executors$RunnableAdapter.call(Executors.java:539)
	at java.base/java.util.concurrent.FutureTask.run(FutureTask.java:264)
	at java.base/java.util.concurrent.ThreadPoolExecutor.runWorker(ThreadPoolExecutor.java:1136)
	at java.base/java.util.concurrent.ThreadPoolExecutor$Worker.run(ThreadPoolExecutor.java:635)
	at java.base/java.lang.Thread.run(Thread.java:840)
Caused by: java.io.IOException: Failed to connect to /192.168.0.109:7077
	at org.apache.spark.network.client.TransportClientFactory.createClient(TransportClientFactory.java:304)
	at org.apache.spark.network.client.TransportClientFactory.createClient(TransportClientFactory.java:224)
	at org.apache.spark.network.client.TransportClientFactory.createClient(TransportClientFactory.java:236)
	at org.apache.spark.rpc.netty.NettyRpcEnv.createClient(NettyRpcEnv.scala:207)
	at org.apache.spark.rpc.netty.Outbox$$anon$1.call(Outbox.scala:202)
	at org.apache.spark.rpc.netty.Outbox$$anon$1.call(Outbox.scala:198)
	... 4 more
Caused by: io.netty.channel.AbstractChannel$AnnotatedConnectException: finishConnect(..) failed with error(-111): Connection refused: /192.168.0.109:7077
Caused by: java.net.ConnectException: finishConnect(..) failed with error(-111): Connection refused
	at io.netty.channel.unix.Errors.newConnectException0(Errors.java:166)
	at io.netty.channel.unix.Errors.handleConnectErrno(Errors.java:131)
	at io.netty.channel.unix.Socket.finishConnect(Socket.java:361)
	at io.netty.channel.epoll.AbstractEpollChannel$AbstractEpollUnsafe.doFinishConnect(AbstractEpollChannel.java:764)
	at io.netty.channel.epoll.AbstractEpollChannel$AbstractEpollUnsafe.finishConnect(AbstractEpollChannel.java:741)
	at io.netty.channel.epoll.AbstractEpollChannel$AbstractEpollUnsafe.epollOutReady(AbstractEpollChannel.java:611)
	at io.netty.channel.epoll.AbstractEpollChannel$AbstractEpollUnsafe.handle(AbstractEpollChannel.java:472)
	at io.netty.channel.epoll.EpollIoHandler$DefaultEpollIoRegistration.handle(EpollIoHandler.java:317)
	at io.netty.channel.epoll.EpollIoHandler.processReady(EpollIoHandler.java:515)
	at io.netty.channel.epoll.EpollIoHandler.run(EpollIoHandler.java:460)
	at io.netty.channel.SingleThreadIoEventLoop.runIo(SingleThreadIoEventLoop.java:225)
	at io.netty.channel.SingleThreadIoEventLoop.run(SingleThreadIoEventLoop.java:196)
	at io.netty.util.concurrent.SingleThreadEventExecutor$5.run(SingleThreadEventExecutor.java:1193)
	at io.netty.util.internal.ThreadExecutorMap$2.run(ThreadExecutorMap.java:74)
	at io.netty.util.concurrent.FastThreadLocalRunnable.run(FastThreadLocalRunnable.java:30)
	at java.base/java.lang.Thread.run(Thread.java:840)
26/05/02 20:57:48 INFO Worker: Retrying connection to master (attempt # 8)
26/05/02 20:57:48 INFO Worker: Connecting to master 192.168.0.109:7077...
26/05/02 20:57:48 INFO TransportClientFactory: Found inactive connection to /192.168.0.109:7077, creating a new one.
26/05/02 20:57:48 WARN Worker: Failed to connect to master 192.168.0.109:7077
org.apache.spark.SparkException: Exception thrown in awaitResult: 
	at org.apache.spark.util.SparkThreadUtils$.awaitResult(SparkThreadUtils.scala:53)
	at org.apache.spark.util.ThreadUtils$.awaitResult(ThreadUtils.scala:359)
	at org.apache.spark.rpc.RpcTimeout.awaitResult(RpcTimeout.scala:75)
	at org.apache.spark.rpc.RpcEnv.setupEndpointRefByURI(RpcEnv.scala:102)
	at org.apache.spark.rpc.RpcEnv.setupEndpointRef(RpcEnv.scala:110)
	at org.apache.spark.deploy.worker.Worker$$anon$2.run(Worker.scala:388)
	at java.base/java.util.concurrent.Executors$RunnableAdapter.call(Executors.java:539)
	at java.base/java.util.concurrent.FutureTask.run(FutureTask.java:264)
	at java.base/java.util.concurrent.ThreadPoolExecutor.runWorker(ThreadPoolExecutor.java:1136)
	at java.base/java.util.concurrent.ThreadPoolExecutor$Worker.run(ThreadPoolExecutor.java:635)
	at java.base/java.lang.Thread.run(Thread.java:840)
Caused by: java.io.IOException: Failed to connect to /192.168.0.109:7077
	at org.apache.spark.network.client.TransportClientFactory.createClient(TransportClientFactory.java:304)
	at org.apache.spark.network.client.TransportClientFactory.createClient(TransportClientFactory.java:224)
	at org.apache.spark.network.client.TransportClientFactory.createClient(TransportClientFactory.java:236)
	at org.apache.spark.rpc.netty.NettyRpcEnv.createClient(NettyRpcEnv.scala:207)
	at org.apache.spark.rpc.netty.Outbox$$anon$1.call(Outbox.scala:202)
	at org.apache.spark.rpc.netty.Outbox$$anon$1.call(Outbox.scala:198)
	... 4 more
Caused by: io.netty.channel.AbstractChannel$AnnotatedConnectException: finishConnect(..) failed with error(-111): Connection refused: /192.168.0.109:7077
Caused by: java.net.ConnectException: finishConnect(..) failed with error(-111): Connection refused
	at io.netty.channel.unix.Errors.newConnectException0(Errors.java:166)
	at io.netty.channel.unix.Errors.handleConnectErrno(Errors.java:131)
	at io.netty.channel.unix.Socket.finishConnect(Socket.java:361)
	at io.netty.channel.epoll.AbstractEpollChannel$AbstractEpollUnsafe.doFinishConnect(AbstractEpollChannel.java:764)
	at io.netty.channel.epoll.AbstractEpollChannel$AbstractEpollUnsafe.finishConnect(AbstractEpollChannel.java:741)
	at io.netty.channel.epoll.AbstractEpollChannel$AbstractEpollUnsafe.epollOutReady(AbstractEpollChannel.java:611)
	at io.netty.channel.epoll.AbstractEpollChannel$AbstractEpollUnsafe.handle(AbstractEpollChannel.java:472)
	at io.netty.channel.epoll.EpollIoHandler$DefaultEpollIoRegistration.handle(EpollIoHandler.java:317)
	at io.netty.channel.epoll.EpollIoHandler.processReady(EpollIoHandler.java:515)
	at io.netty.channel.epoll.EpollIoHandler.run(EpollIoHandler.java:460)
	at io.netty.channel.SingleThreadIoEventLoop.runIo(SingleThreadIoEventLoop.java:225)
	at io.netty.channel.SingleThreadIoEventLoop.run(SingleThreadIoEventLoop.java:196)
	at io.netty.util.concurrent.SingleThreadEventExecutor$5.run(SingleThreadEventExecutor.java:1193)
	at io.netty.util.internal.ThreadExecutorMap$2.run(ThreadExecutorMap.java:74)
	at io.netty.util.concurrent.FastThreadLocalRunnable.run(FastThreadLocalRunnable.java:30)
	at java.base/java.lang.Thread.run(Thread.java:840)
26/05/02 20:59:02 INFO Worker: Retrying connection to master (attempt # 9)
26/05/02 20:59:02 INFO Worker: Connecting to master 192.168.0.109:7077...
26/05/02 20:59:02 INFO TransportClientFactory: Found inactive connection to /192.168.0.109:7077, creating a new one.
26/05/02 20:59:02 WARN Worker: Failed to connect to master 192.168.0.109:7077
org.apache.spark.SparkException: Exception thrown in awaitResult: 
	at org.apache.spark.util.SparkThreadUtils$.awaitResult(SparkThreadUtils.scala:53)
	at org.apache.spark.util.ThreadUtils$.awaitResult(ThreadUtils.scala:359)
	at org.apache.spark.rpc.RpcTimeout.awaitResult(RpcTimeout.scala:75)
	at org.apache.spark.rpc.RpcEnv.setupEndpointRefByURI(RpcEnv.scala:102)
	at org.apache.spark.rpc.RpcEnv.setupEndpointRef(RpcEnv.scala:110)
	at org.apache.spark.deploy.worker.Worker$$anon$2.run(Worker.scala:388)
	at java.base/java.util.concurrent.Executors$RunnableAdapter.call(Executors.java:539)
	at java.base/java.util.concurrent.FutureTask.run(FutureTask.java:264)
	at java.base/java.util.concurrent.ThreadPoolExecutor.runWorker(ThreadPoolExecutor.java:1136)
	at java.base/java.util.concurrent.ThreadPoolExecutor$Worker.run(ThreadPoolExecutor.java:635)
	at java.base/java.lang.Thread.run(Thread.java:840)
Caused by: java.io.IOException: Failed to connect to /192.168.0.109:7077
	at org.apache.spark.network.client.TransportClientFactory.createClient(TransportClientFactory.java:304)
	at org.apache.spark.network.client.TransportClientFactory.createClient(TransportClientFactory.java:224)
	at org.apache.spark.network.client.TransportClientFactory.createClient(TransportClientFactory.java:236)
	at org.apache.spark.rpc.netty.NettyRpcEnv.createClient(NettyRpcEnv.scala:207)
	at org.apache.spark.rpc.netty.Outbox$$anon$1.call(Outbox.scala:202)
	at org.apache.spark.rpc.netty.Outbox$$anon$1.call(Outbox.scala:198)
	... 4 more
Caused by: io.netty.channel.AbstractChannel$AnnotatedConnectException: finishConnect(..) failed with error(-111): Connection refused: /192.168.0.109:7077
Caused by: java.net.ConnectException: finishConnect(..) failed with error(-111): Connection refused
	at io.netty.channel.unix.Errors.newConnectException0(Errors.java:166)
	at io.netty.channel.unix.Errors.handleConnectErrno(Errors.java:131)
	at io.netty.channel.unix.Socket.finishConnect(Socket.java:361)
	at io.netty.channel.epoll.AbstractEpollChannel$AbstractEpollUnsafe.doFinishConnect(AbstractEpollChannel.java:764)
	at io.netty.channel.epoll.AbstractEpollChannel$AbstractEpollUnsafe.finishConnect(AbstractEpollChannel.java:741)
	at io.netty.channel.epoll.AbstractEpollChannel$AbstractEpollUnsafe.epollOutReady(AbstractEpollChannel.java:611)
	at io.netty.channel.epoll.AbstractEpollChannel$AbstractEpollUnsafe.handle(AbstractEpollChannel.java:472)
	at io.netty.channel.epoll.EpollIoHandler$DefaultEpollIoRegistration.handle(EpollIoHandler.java:317)
	at io.netty.channel.epoll.EpollIoHandler.processReady(EpollIoHandler.java:515)
	at io.netty.channel.epoll.EpollIoHandler.run(EpollIoHandler.java:460)
	at io.netty.channel.SingleThreadIoEventLoop.runIo(SingleThreadIoEventLoop.java:225)
	at io.netty.channel.SingleThreadIoEventLoop.run(SingleThreadIoEventLoop.java:196)
	at io.netty.util.concurrent.SingleThreadEventExecutor$5.run(SingleThreadEventExecutor.java:1193)
	at io.netty.util.internal.ThreadExecutorMap$2.run(ThreadExecutorMap.java:74)
	at io.netty.util.concurrent.FastThreadLocalRunnable.run(FastThreadLocalRunnable.java:30)
	at java.base/java.lang.Thread.run(Thread.java:840)
26/05/02 21:00:16 INFO Worker: Retrying connection to master (attempt # 10)
26/05/02 21:00:16 INFO Worker: Connecting to master 192.168.0.109:7077...
26/05/02 21:00:16 INFO TransportClientFactory: Found inactive connection to /192.168.0.109:7077, creating a new one.
26/05/02 21:00:16 WARN Worker: Failed to connect to master 192.168.0.109:7077
org.apache.spark.SparkException: Exception thrown in awaitResult: 
	at org.apache.spark.util.SparkThreadUtils$.awaitResult(SparkThreadUtils.scala:53)
	at org.apache.spark.util.ThreadUtils$.awaitResult(ThreadUtils.scala:359)
	at org.apache.spark.rpc.RpcTimeout.awaitResult(RpcTimeout.scala:75)
	at org.apache.spark.rpc.RpcEnv.setupEndpointRefByURI(RpcEnv.scala:102)
	at org.apache.spark.rpc.RpcEnv.setupEndpointRef(RpcEnv.scala:110)
	at org.apache.spark.deploy.worker.Worker$$anon$2.run(Worker.scala:388)
	at java.base/java.util.concurrent.Executors$RunnableAdapter.call(Executors.java:539)
	at java.base/java.util.concurrent.FutureTask.run(FutureTask.java:264)
	at java.base/java.util.concurrent.ThreadPoolExecutor.runWorker(ThreadPoolExecutor.java:1136)
	at java.base/java.util.concurrent.ThreadPoolExecutor$Worker.run(ThreadPoolExecutor.java:635)
	at java.base/java.lang.Thread.run(Thread.java:840)
Caused by: java.io.IOException: Failed to connect to /192.168.0.109:7077
	at org.apache.spark.network.client.TransportClientFactory.createClient(TransportClientFactory.java:304)
	at org.apache.spark.network.client.TransportClientFactory.createClient(TransportClientFactory.java:224)
	at org.apache.spark.network.client.TransportClientFactory.createClient(TransportClientFactory.java:236)
	at org.apache.spark.rpc.netty.NettyRpcEnv.createClient(NettyRpcEnv.scala:207)
	at org.apache.spark.rpc.netty.Outbox$$anon$1.call(Outbox.scala:202)
	at org.apache.spark.rpc.netty.Outbox$$anon$1.call(Outbox.scala:198)
	... 4 more
Caused by: io.netty.channel.AbstractChannel$AnnotatedConnectException: finishConnect(..) failed with error(-111): Connection refused: /192.168.0.109:7077
Caused by: java.net.ConnectException: finishConnect(..) failed with error(-111): Connection refused
	at io.netty.channel.unix.Errors.newConnectException0(Errors.java:166)
	at io.netty.channel.unix.Errors.handleConnectErrno(Errors.java:131)
	at io.netty.channel.unix.Socket.finishConnect(Socket.java:361)
	at io.netty.channel.epoll.AbstractEpollChannel$AbstractEpollUnsafe.doFinishConnect(AbstractEpollChannel.java:764)
	at io.netty.channel.epoll.AbstractEpollChannel$AbstractEpollUnsafe.finishConnect(AbstractEpollChannel.java:741)
	at io.netty.channel.epoll.AbstractEpollChannel$AbstractEpollUnsafe.epollOutReady(AbstractEpollChannel.java:611)
	at io.netty.channel.epoll.AbstractEpollChannel$AbstractEpollUnsafe.handle(AbstractEpollChannel.java:472)
	at io.netty.channel.epoll.EpollIoHandler$DefaultEpollIoRegistration.handle(EpollIoHandler.java:317)
	at io.netty.channel.epoll.EpollIoHandler.processReady(EpollIoHandler.java:515)
	at io.netty.channel.epoll.EpollIoHandler.run(EpollIoHandler.java:460)
	at io.netty.channel.SingleThreadIoEventLoop.runIo(SingleThreadIoEventLoop.java:225)
	at io.netty.channel.SingleThreadIoEventLoop.run(SingleThreadIoEventLoop.java:196)
	at io.netty.util.concurrent.SingleThreadEventExecutor$5.run(SingleThreadEventExecutor.java:1193)
	at io.netty.util.internal.ThreadExecutorMap$2.run(ThreadExecutorMap.java:74)
	at io.netty.util.concurrent.FastThreadLocalRunnable.run(FastThreadLocalRunnable.java:30)
	at java.base/java.lang.Thread.run(Thread.java:840)
26/05/02 21:01:30 INFO Worker: Retrying connection to master (attempt # 11)
26/05/02 21:01:30 INFO Worker: Connecting to master 192.168.0.109:7077...
26/05/02 21:01:30 INFO TransportClientFactory: Found inactive connection to /192.168.0.109:7077, creating a new one.
26/05/02 21:01:30 WARN Worker: Failed to connect to master 192.168.0.109:7077
org.apache.spark.SparkException: Exception thrown in awaitResult: 
	at org.apache.spark.util.SparkThreadUtils$.awaitResult(SparkThreadUtils.scala:53)
	at org.apache.spark.util.ThreadUtils$.awaitResult(ThreadUtils.scala:359)
	at org.apache.spark.rpc.RpcTimeout.awaitResult(RpcTimeout.scala:75)
	at org.apache.spark.rpc.RpcEnv.setupEndpointRefByURI(RpcEnv.scala:102)
	at org.apache.spark.rpc.RpcEnv.setupEndpointRef(RpcEnv.scala:110)
	at org.apache.spark.deploy.worker.Worker$$anon$2.run(Worker.scala:388)
	at java.base/java.util.concurrent.Executors$RunnableAdapter.call(Executors.java:539)
	at java.base/java.util.concurrent.FutureTask.run(FutureTask.java:264)
	at java.base/java.util.concurrent.ThreadPoolExecutor.runWorker(ThreadPoolExecutor.java:1136)
	at java.base/java.util.concurrent.ThreadPoolExecutor$Worker.run(ThreadPoolExecutor.java:635)
	at java.base/java.lang.Thread.run(Thread.java:840)
Caused by: java.io.IOException: Failed to connect to /192.168.0.109:7077
	at org.apache.spark.network.client.TransportClientFactory.createClient(TransportClientFactory.java:304)
	at org.apache.spark.network.client.TransportClientFactory.createClient(TransportClientFactory.java:224)
	at org.apache.spark.network.client.TransportClientFactory.createClient(TransportClientFactory.java:236)
	at org.apache.spark.rpc.netty.NettyRpcEnv.createClient(NettyRpcEnv.scala:207)
	at org.apache.spark.rpc.netty.Outbox$$anon$1.call(Outbox.scala:202)
	at org.apache.spark.rpc.netty.Outbox$$anon$1.call(Outbox.scala:198)
	... 4 more
Caused by: io.netty.channel.AbstractChannel$AnnotatedConnectException: finishConnect(..) failed with error(-111): Connection refused: /192.168.0.109:7077
Caused by: java.net.ConnectException: finishConnect(..) failed with error(-111): Connection refused
	at io.netty.channel.unix.Errors.newConnectException0(Errors.java:166)
	at io.netty.channel.unix.Errors.handleConnectErrno(Errors.java:131)
	at io.netty.channel.unix.Socket.finishConnect(Socket.java:361)
	at io.netty.channel.epoll.AbstractEpollChannel$AbstractEpollUnsafe.doFinishConnect(AbstractEpollChannel.java:764)
	at io.netty.channel.epoll.AbstractEpollChannel$AbstractEpollUnsafe.finishConnect(AbstractEpollChannel.java:741)
	at io.netty.channel.epoll.AbstractEpollChannel$AbstractEpollUnsafe.epollOutReady(AbstractEpollChannel.java:611)
	at io.netty.channel.epoll.AbstractEpollChannel$AbstractEpollUnsafe.handle(AbstractEpollChannel.java:472)
	at io.netty.channel.epoll.EpollIoHandler$DefaultEpollIoRegistration.handle(EpollIoHandler.java:317)
	at io.netty.channel.epoll.EpollIoHandler.processReady(EpollIoHandler.java:515)
	at io.netty.channel.epoll.EpollIoHandler.run(EpollIoHandler.java:460)
	at io.netty.channel.SingleThreadIoEventLoop.runIo(SingleThreadIoEventLoop.java:225)
	at io.netty.channel.SingleThreadIoEventLoop.run(SingleThreadIoEventLoop.java:196)
	at io.netty.util.concurrent.SingleThreadEventExecutor$5.run(SingleThreadEventExecutor.java:1193)
	at io.netty.util.internal.ThreadExecutorMap$2.run(ThreadExecutorMap.java:74)
	at io.netty.util.concurrent.FastThreadLocalRunnable.run(FastThreadLocalRunnable.java:30)
	at java.base/java.lang.Thread.run(Thread.java:840)
26/05/02 21:02:44 INFO Worker: Retrying connection to master (attempt # 12)
26/05/02 21:02:44 INFO Worker: Connecting to master 192.168.0.109:7077...
26/05/02 21:02:44 INFO TransportClientFactory: Found inactive connection to /192.168.0.109:7077, creating a new one.
26/05/02 21:02:44 WARN Worker: Failed to connect to master 192.168.0.109:7077
org.apache.spark.SparkException: Exception thrown in awaitResult: 
	at org.apache.spark.util.SparkThreadUtils$.awaitResult(SparkThreadUtils.scala:53)
	at org.apache.spark.util.ThreadUtils$.awaitResult(ThreadUtils.scala:359)
	at org.apache.spark.rpc.RpcTimeout.awaitResult(RpcTimeout.scala:75)
	at org.apache.spark.rpc.RpcEnv.setupEndpointRefByURI(RpcEnv.scala:102)
	at org.apache.spark.rpc.RpcEnv.setupEndpointRef(RpcEnv.scala:110)
	at org.apache.spark.deploy.worker.Worker$$anon$2.run(Worker.scala:388)
	at java.base/java.util.concurrent.Executors$RunnableAdapter.call(Executors.java:539)
	at java.base/java.util.concurrent.FutureTask.run(FutureTask.java:264)
	at java.base/java.util.concurrent.ThreadPoolExecutor.runWorker(ThreadPoolExecutor.java:1136)
	at java.base/java.util.concurrent.ThreadPoolExecutor$Worker.run(ThreadPoolExecutor.java:635)
	at java.base/java.lang.Thread.run(Thread.java:840)
Caused by: java.io.IOException: Failed to connect to /192.168.0.109:7077
	at org.apache.spark.network.client.TransportClientFactory.createClient(TransportClientFactory.java:304)
	at org.apache.spark.network.client.TransportClientFactory.createClient(TransportClientFactory.java:224)
	at org.apache.spark.network.client.TransportClientFactory.createClient(TransportClientFactory.java:236)
	at org.apache.spark.rpc.netty.NettyRpcEnv.createClient(NettyRpcEnv.scala:207)
	at org.apache.spark.rpc.netty.Outbox$$anon$1.call(Outbox.scala:202)
	at org.apache.spark.rpc.netty.Outbox$$anon$1.call(Outbox.scala:198)
	... 4 more
Caused by: io.netty.channel.AbstractChannel$AnnotatedConnectException: finishConnect(..) failed with error(-111): Connection refused: /192.168.0.109:7077
Caused by: java.net.ConnectException: finishConnect(..) failed with error(-111): Connection refused
	at io.netty.channel.unix.Errors.newConnectException0(Errors.java:166)
	at io.netty.channel.unix.Errors.handleConnectErrno(Errors.java:131)
	at io.netty.channel.unix.Socket.finishConnect(Socket.java:361)
	at io.netty.channel.epoll.AbstractEpollChannel$AbstractEpollUnsafe.doFinishConnect(AbstractEpollChannel.java:764)
	at io.netty.channel.epoll.AbstractEpollChannel$AbstractEpollUnsafe.finishConnect(AbstractEpollChannel.java:741)
	at io.netty.channel.epoll.AbstractEpollChannel$AbstractEpollUnsafe.epollOutReady(AbstractEpollChannel.java:611)
	at io.netty.channel.epoll.AbstractEpollChannel$AbstractEpollUnsafe.handle(AbstractEpollChannel.java:472)
	at io.netty.channel.epoll.EpollIoHandler$DefaultEpollIoRegistration.handle(EpollIoHandler.java:317)
	at io.netty.channel.epoll.EpollIoHandler.processReady(EpollIoHandler.java:515)
	at io.netty.channel.epoll.EpollIoHandler.run(EpollIoHandler.java:460)
	at io.netty.channel.SingleThreadIoEventLoop.runIo(SingleThreadIoEventLoop.java:225)
	at io.netty.channel.SingleThreadIoEventLoop.run(SingleThreadIoEventLoop.java:196)
	at io.netty.util.concurrent.SingleThreadEventExecutor$5.run(SingleThreadEventExecutor.java:1193)
	at io.netty.util.internal.ThreadExecutorMap$2.run(ThreadExecutorMap.java:74)
	at io.netty.util.concurrent.FastThreadLocalRunnable.run(FastThreadLocalRunnable.java:30)
	at java.base/java.lang.Thread.run(Thread.java:840)
26/05/02 21:03:58 INFO Worker: Retrying connection to master (attempt # 13)
26/05/02 21:03:58 INFO Worker: Connecting to master 192.168.0.109:7077...
26/05/02 21:03:58 INFO TransportClientFactory: Found inactive connection to /192.168.0.109:7077, creating a new one.
26/05/02 21:03:58 WARN Worker: Failed to connect to master 192.168.0.109:7077
org.apache.spark.SparkException: Exception thrown in awaitResult: 
	at org.apache.spark.util.SparkThreadUtils$.awaitResult(SparkThreadUtils.scala:53)
	at org.apache.spark.util.ThreadUtils$.awaitResult(ThreadUtils.scala:359)
	at org.apache.spark.rpc.RpcTimeout.awaitResult(RpcTimeout.scala:75)
	at org.apache.spark.rpc.RpcEnv.setupEndpointRefByURI(RpcEnv.scala:102)
	at org.apache.spark.rpc.RpcEnv.setupEndpointRef(RpcEnv.scala:110)
	at org.apache.spark.deploy.worker.Worker$$anon$2.run(Worker.scala:388)
	at java.base/java.util.concurrent.Executors$RunnableAdapter.call(Executors.java:539)
	at java.base/java.util.concurrent.FutureTask.run(FutureTask.java:264)
	at java.base/java.util.concurrent.ThreadPoolExecutor.runWorker(ThreadPoolExecutor.java:1136)
	at java.base/java.util.concurrent.ThreadPoolExecutor$Worker.run(ThreadPoolExecutor.java:635)
	at java.base/java.lang.Thread.run(Thread.java:840)
Caused by: java.io.IOException: Failed to connect to /192.168.0.109:7077
	at org.apache.spark.network.client.TransportClientFactory.createClient(TransportClientFactory.java:304)
	at org.apache.spark.network.client.TransportClientFactory.createClient(TransportClientFactory.java:224)
	at org.apache.spark.network.client.TransportClientFactory.createClient(TransportClientFactory.java:236)
	at org.apache.spark.rpc.netty.NettyRpcEnv.createClient(NettyRpcEnv.scala:207)
	at org.apache.spark.rpc.netty.Outbox$$anon$1.call(Outbox.scala:202)
	at org.apache.spark.rpc.netty.Outbox$$anon$1.call(Outbox.scala:198)
	... 4 more
Caused by: io.netty.channel.AbstractChannel$AnnotatedConnectException: finishConnect(..) failed with error(-111): Connection refused: /192.168.0.109:7077
Caused by: java.net.ConnectException: finishConnect(..) failed with error(-111): Connection refused
	at io.netty.channel.unix.Errors.newConnectException0(Errors.java:166)
	at io.netty.channel.unix.Errors.handleConnectErrno(Errors.java:131)
	at io.netty.channel.unix.Socket.finishConnect(Socket.java:361)
	at io.netty.channel.epoll.AbstractEpollChannel$AbstractEpollUnsafe.doFinishConnect(AbstractEpollChannel.java:764)
	at io.netty.channel.epoll.AbstractEpollChannel$AbstractEpollUnsafe.finishConnect(AbstractEpollChannel.java:741)
	at io.netty.channel.epoll.AbstractEpollChannel$AbstractEpollUnsafe.epollOutReady(AbstractEpollChannel.java:611)
	at io.netty.channel.epoll.AbstractEpollChannel$AbstractEpollUnsafe.handle(AbstractEpollChannel.java:472)
	at io.netty.channel.epoll.EpollIoHandler$DefaultEpollIoRegistration.handle(EpollIoHandler.java:317)
	at io.netty.channel.epoll.EpollIoHandler.processReady(EpollIoHandler.java:515)
	at io.netty.channel.epoll.EpollIoHandler.run(EpollIoHandler.java:460)
	at io.netty.channel.SingleThreadIoEventLoop.runIo(SingleThreadIoEventLoop.java:225)
	at io.netty.channel.SingleThreadIoEventLoop.run(SingleThreadIoEventLoop.java:196)
	at io.netty.util.concurrent.SingleThreadEventExecutor$5.run(SingleThreadEventExecutor.java:1193)
	at io.netty.util.internal.ThreadExecutorMap$2.run(ThreadExecutorMap.java:74)
	at io.netty.util.concurrent.FastThreadLocalRunnable.run(FastThreadLocalRunnable.java:30)
	at java.base/java.lang.Thread.run(Thread.java:840)
26/05/02 21:05:12 INFO Worker: Retrying connection to master (attempt # 14)
26/05/02 21:05:12 INFO Worker: Connecting to master 192.168.0.109:7077...
26/05/02 21:05:12 INFO TransportClientFactory: Found inactive connection to /192.168.0.109:7077, creating a new one.
26/05/02 21:05:12 WARN Worker: Failed to connect to master 192.168.0.109:7077
org.apache.spark.SparkException: Exception thrown in awaitResult: 
	at org.apache.spark.util.SparkThreadUtils$.awaitResult(SparkThreadUtils.scala:53)
	at org.apache.spark.util.ThreadUtils$.awaitResult(ThreadUtils.scala:359)
	at org.apache.spark.rpc.RpcTimeout.awaitResult(RpcTimeout.scala:75)
	at org.apache.spark.rpc.RpcEnv.setupEndpointRefByURI(RpcEnv.scala:102)
	at org.apache.spark.rpc.RpcEnv.setupEndpointRef(RpcEnv.scala:110)
	at org.apache.spark.deploy.worker.Worker$$anon$2.run(Worker.scala:388)
	at java.base/java.util.concurrent.Executors$RunnableAdapter.call(Executors.java:539)
	at java.base/java.util.concurrent.FutureTask.run(FutureTask.java:264)
	at java.base/java.util.concurrent.ThreadPoolExecutor.runWorker(ThreadPoolExecutor.java:1136)
	at java.base/java.util.concurrent.ThreadPoolExecutor$Worker.run(ThreadPoolExecutor.java:635)
	at java.base/java.lang.Thread.run(Thread.java:840)
Caused by: java.io.IOException: Failed to connect to /192.168.0.109:7077
	at org.apache.spark.network.client.TransportClientFactory.createClient(TransportClientFactory.java:304)
	at org.apache.spark.network.client.TransportClientFactory.createClient(TransportClientFactory.java:224)
	at org.apache.spark.network.client.TransportClientFactory.createClient(TransportClientFactory.java:236)
	at org.apache.spark.rpc.netty.NettyRpcEnv.createClient(NettyRpcEnv.scala:207)
	at org.apache.spark.rpc.netty.Outbox$$anon$1.call(Outbox.scala:202)
	at org.apache.spark.rpc.netty.Outbox$$anon$1.call(Outbox.scala:198)
	... 4 more
Caused by: io.netty.channel.AbstractChannel$AnnotatedConnectException: finishConnect(..) failed with error(-111): Connection refused: /192.168.0.109:7077
Caused by: java.net.ConnectException: finishConnect(..) failed with error(-111): Connection refused
	at io.netty.channel.unix.Errors.newConnectException0(Errors.java:166)
	at io.netty.channel.unix.Errors.handleConnectErrno(Errors.java:131)
	at io.netty.channel.unix.Socket.finishConnect(Socket.java:361)
	at io.netty.channel.epoll.AbstractEpollChannel$AbstractEpollUnsafe.doFinishConnect(AbstractEpollChannel.java:764)
	at io.netty.channel.epoll.AbstractEpollChannel$AbstractEpollUnsafe.finishConnect(AbstractEpollChannel.java:741)
	at io.netty.channel.epoll.AbstractEpollChannel$AbstractEpollUnsafe.epollOutReady(AbstractEpollChannel.java:611)
	at io.netty.channel.epoll.AbstractEpollChannel$AbstractEpollUnsafe.handle(AbstractEpollChannel.java:472)
	at io.netty.channel.epoll.EpollIoHandler$DefaultEpollIoRegistration.handle(EpollIoHandler.java:317)
	at io.netty.channel.epoll.EpollIoHandler.processReady(EpollIoHandler.java:515)
	at io.netty.channel.epoll.EpollIoHandler.run(EpollIoHandler.java:460)
	at io.netty.channel.SingleThreadIoEventLoop.runIo(SingleThreadIoEventLoop.java:225)
	at io.netty.channel.SingleThreadIoEventLoop.run(SingleThreadIoEventLoop.java:196)
	at io.netty.util.concurrent.SingleThreadEventExecutor$5.run(SingleThreadEventExecutor.java:1193)
	at io.netty.util.internal.ThreadExecutorMap$2.run(ThreadExecutorMap.java:74)
	at io.netty.util.concurrent.FastThreadLocalRunnable.run(FastThreadLocalRunnable.java:30)
	at java.base/java.lang.Thread.run(Thread.java:840)
26/05/02 21:06:26 INFO Worker: Retrying connection to master (attempt # 15)
26/05/02 21:06:26 INFO Worker: Connecting to master 192.168.0.109:7077...
26/05/02 21:06:26 INFO TransportClientFactory: Found inactive connection to /192.168.0.109:7077, creating a new one.
26/05/02 21:06:26 WARN Worker: Failed to connect to master 192.168.0.109:7077
org.apache.spark.SparkException: Exception thrown in awaitResult: 
	at org.apache.spark.util.SparkThreadUtils$.awaitResult(SparkThreadUtils.scala:53)
	at org.apache.spark.util.ThreadUtils$.awaitResult(ThreadUtils.scala:359)
	at org.apache.spark.rpc.RpcTimeout.awaitResult(RpcTimeout.scala:75)
	at org.apache.spark.rpc.RpcEnv.setupEndpointRefByURI(RpcEnv.scala:102)
	at org.apache.spark.rpc.RpcEnv.setupEndpointRef(RpcEnv.scala:110)
	at org.apache.spark.deploy.worker.Worker$$anon$2.run(Worker.scala:388)
	at java.base/java.util.concurrent.Executors$RunnableAdapter.call(Executors.java:539)
	at java.base/java.util.concurrent.FutureTask.run(FutureTask.java:264)
	at java.base/java.util.concurrent.ThreadPoolExecutor.runWorker(ThreadPoolExecutor.java:1136)
	at java.base/java.util.concurrent.ThreadPoolExecutor$Worker.run(ThreadPoolExecutor.java:635)
	at java.base/java.lang.Thread.run(Thread.java:840)
Caused by: java.io.IOException: Failed to connect to /192.168.0.109:7077
	at org.apache.spark.network.client.TransportClientFactory.createClient(TransportClientFactory.java:304)
	at org.apache.spark.network.client.TransportClientFactory.createClient(TransportClientFactory.java:224)
	at org.apache.spark.network.client.TransportClientFactory.createClient(TransportClientFactory.java:236)
	at org.apache.spark.rpc.netty.NettyRpcEnv.createClient(NettyRpcEnv.scala:207)
	at org.apache.spark.rpc.netty.Outbox$$anon$1.call(Outbox.scala:202)
	at org.apache.spark.rpc.netty.Outbox$$anon$1.call(Outbox.scala:198)
	... 4 more
Caused by: io.netty.channel.AbstractChannel$AnnotatedConnectException: finishConnect(..) failed with error(-111): Connection refused: /192.168.0.109:7077
Caused by: java.net.ConnectException: finishConnect(..) failed with error(-111): Connection refused
	at io.netty.channel.unix.Errors.newConnectException0(Errors.java:166)
	at io.netty.channel.unix.Errors.handleConnectErrno(Errors.java:131)
	at io.netty.channel.unix.Socket.finishConnect(Socket.java:361)
	at io.netty.channel.epoll.AbstractEpollChannel$AbstractEpollUnsafe.doFinishConnect(AbstractEpollChannel.java:764)
	at io.netty.channel.epoll.AbstractEpollChannel$AbstractEpollUnsafe.finishConnect(AbstractEpollChannel.java:741)
	at io.netty.channel.epoll.AbstractEpollChannel$AbstractEpollUnsafe.epollOutReady(AbstractEpollChannel.java:611)
	at io.netty.channel.epoll.AbstractEpollChannel$AbstractEpollUnsafe.handle(AbstractEpollChannel.java:472)
	at io.netty.channel.epoll.EpollIoHandler$DefaultEpollIoRegistration.handle(EpollIoHandler.java:317)
	at io.netty.channel.epoll.EpollIoHandler.processReady(EpollIoHandler.java:515)
	at io.netty.channel.epoll.EpollIoHandler.run(EpollIoHandler.java:460)
	at io.netty.channel.SingleThreadIoEventLoop.runIo(SingleThreadIoEventLoop.java:225)
	at io.netty.channel.SingleThreadIoEventLoop.run(SingleThreadIoEventLoop.java:196)
	at io.netty.util.concurrent.SingleThreadEventExecutor$5.run(SingleThreadEventExecutor.java:1193)
	at io.netty.util.internal.ThreadExecutorMap$2.run(ThreadExecutorMap.java:74)
	at io.netty.util.concurrent.FastThreadLocalRunnable.run(FastThreadLocalRunnable.java:30)
	at java.base/java.lang.Thread.run(Thread.java:840)
26/05/02 21:07:40 INFO Worker: Retrying connection to master (attempt # 16)
26/05/02 21:07:40 INFO Worker: Connecting to master 192.168.0.109:7077...
26/05/02 21:07:40 INFO TransportClientFactory: Found inactive connection to /192.168.0.109:7077, creating a new one.
26/05/02 21:07:40 WARN Worker: Failed to connect to master 192.168.0.109:7077
org.apache.spark.SparkException: Exception thrown in awaitResult: 
	at org.apache.spark.util.SparkThreadUtils$.awaitResult(SparkThreadUtils.scala:53)
	at org.apache.spark.util.ThreadUtils$.awaitResult(ThreadUtils.scala:359)
	at org.apache.spark.rpc.RpcTimeout.awaitResult(RpcTimeout.scala:75)
	at org.apache.spark.rpc.RpcEnv.setupEndpointRefByURI(RpcEnv.scala:102)
	at org.apache.spark.rpc.RpcEnv.setupEndpointRef(RpcEnv.scala:110)
	at org.apache.spark.deploy.worker.Worker$$anon$2.run(Worker.scala:388)
	at java.base/java.util.concurrent.Executors$RunnableAdapter.call(Executors.java:539)
	at java.base/java.util.concurrent.FutureTask.run(FutureTask.java:264)
	at java.base/java.util.concurrent.ThreadPoolExecutor.runWorker(ThreadPoolExecutor.java:1136)
	at java.base/java.util.concurrent.ThreadPoolExecutor$Worker.run(ThreadPoolExecutor.java:635)
	at java.base/java.lang.Thread.run(Thread.java:840)
Caused by: java.io.IOException: Failed to connect to /192.168.0.109:7077
	at org.apache.spark.network.client.TransportClientFactory.createClient(TransportClientFactory.java:304)
	at org.apache.spark.network.client.TransportClientFactory.createClient(TransportClientFactory.java:224)
	at org.apache.spark.network.client.TransportClientFactory.createClient(TransportClientFactory.java:236)
	at org.apache.spark.rpc.netty.NettyRpcEnv.createClient(NettyRpcEnv.scala:207)
	at org.apache.spark.rpc.netty.Outbox$$anon$1.call(Outbox.scala:202)
	at org.apache.spark.rpc.netty.Outbox$$anon$1.call(Outbox.scala:198)
	... 4 more
Caused by: io.netty.channel.AbstractChannel$AnnotatedConnectException: finishConnect(..) failed with error(-111): Connection refused: /192.168.0.109:7077
Caused by: java.net.ConnectException: finishConnect(..) failed with error(-111): Connection refused
	at io.netty.channel.unix.Errors.newConnectException0(Errors.java:166)
	at io.netty.channel.unix.Errors.handleConnectErrno(Errors.java:131)
	at io.netty.channel.unix.Socket.finishConnect(Socket.java:361)
	at io.netty.channel.epoll.AbstractEpollChannel$AbstractEpollUnsafe.doFinishConnect(AbstractEpollChannel.java:764)
	at io.netty.channel.epoll.AbstractEpollChannel$AbstractEpollUnsafe.finishConnect(AbstractEpollChannel.java:741)
	at io.netty.channel.epoll.AbstractEpollChannel$AbstractEpollUnsafe.epollOutReady(AbstractEpollChannel.java:611)
	at io.netty.channel.epoll.AbstractEpollChannel$AbstractEpollUnsafe.handle(AbstractEpollChannel.java:472)
	at io.netty.channel.epoll.EpollIoHandler$DefaultEpollIoRegistration.handle(EpollIoHandler.java:317)
	at io.netty.channel.epoll.EpollIoHandler.processReady(EpollIoHandler.java:515)
	at io.netty.channel.epoll.EpollIoHandler.run(EpollIoHandler.java:460)
	at io.netty.channel.SingleThreadIoEventLoop.runIo(SingleThreadIoEventLoop.java:225)
	at io.netty.channel.SingleThreadIoEventLoop.run(SingleThreadIoEventLoop.java:196)
	at io.netty.util.concurrent.SingleThreadEventExecutor$5.run(SingleThreadEventExecutor.java:1193)
	at io.netty.util.internal.ThreadExecutorMap$2.run(ThreadExecutorMap.java:74)
	at io.netty.util.concurrent.FastThreadLocalRunnable.run(FastThreadLocalRunnable.java:30)
	at java.base/java.lang.Thread.run(Thread.java:840)
26/05/02 21:08:54 ERROR Worker: All masters are unresponsive! Giving up.
